<?xml version="1.0" encoding="UTF-8"?>
<!-- Generated by org.testng.reporters.JUnitReportReporter -->
<testsuite hostname="LAPTOP-O3OFTTE9" failures="0" tests="1" name="com.tsy.rpc.base.AppTest" time="0.003" errors="0" timestamp="2022-08-18T22:45:05 CST" skipped="0">
  <testcase classname="com.tsy.rpc.base.AppTest" name="loggerTest" time="0.003"/>
  <system-out/>
</testsuite> <!-- com.tsy.rpc.base.AppTest -->
