<?xml version="1.0" encoding="UTF-8"?>
<testsuite xmlns:xsi="http://www.w3.org/2001/XMLSchema-instance" xsi:noNamespaceSchemaLocation="https://maven.apache.org/surefire/maven-surefire-plugin/xsd/surefire-test-report.xsd" name="com.tsy.prc.test.client.AppTest" time="0.03" tests="1" errors="0" skipped="0" failures="0">
  <properties>
    <property name="sun.desktop" value="windows"/>
    <property name="awt.toolkit" value="sun.awt.windows.WToolkit"/>
    <property name="java.specification.version" value="11"/>
    <property name="sun.cpu.isalist" value="amd64"/>
    <property name="sun.jnu.encoding" value="GBK"/>
    <property name="java.class.path" value="E:\E-drive-62796\compact-rpc\compact-rpc\compact-rpc-example\compact-rpc-test-client\target\test-classes;E:\E-drive-62796\compact-rpc\compact-rpc\compact-rpc-example\compact-rpc-test-client\target\classes;H:\jar\maven-repository\junit\junit\4.11\junit-4.11.jar;H:\jar\maven-repository\org\hamcrest\hamcrest-core\1.3\hamcrest-core-1.3.jar;H:\jar\maven-repository\com\tsy\rpc\spring\compact-rpc-spring\1.0-SNAPSHOT\compact-rpc-spring-1.0-SNAPSHOT.jar;H:\jar\maven-repository\github\TangSiyang2001\compact-rpc-impl\1.0-SNAPSHOT\compact-rpc-impl-1.0-SNAPSHOT.jar;H:\jar\maven-repository\github\TangSiyang2001\compact-rpc-base\1.0-SNAPSHOT\compact-rpc-base-1.0-SNAPSHOT.jar;H:\jar\maven-repository\io\netty\netty-all\4.1.74.Final\netty-all-4.1.74.Final.jar;H:\jar\maven-repository\io\netty\netty-buffer\4.1.74.Final\netty-buffer-4.1.74.Final.jar;H:\jar\maven-repository\io\netty\netty-codec\4.1.74.Final\netty-codec-4.1.74.Final.jar;H:\jar\maven-repository\io\netty\netty-codec-dns\4.1.74.Final\netty-codec-dns-4.1.74.Final.jar;H:\jar\maven-repository\io\netty\netty-codec-haproxy\4.1.74.Final\netty-codec-haproxy-4.1.74.Final.jar;H:\jar\maven-repository\io\netty\netty-codec-http\4.1.74.Final\netty-codec-http-4.1.74.Final.jar;H:\jar\maven-repository\io\netty\netty-codec-http2\4.1.74.Final\netty-codec-http2-4.1.74.Final.jar;H:\jar\maven-repository\io\netty\netty-codec-memcache\4.1.74.Final\netty-codec-memcache-4.1.74.Final.jar;H:\jar\maven-repository\io\netty\netty-codec-mqtt\4.1.74.Final\netty-codec-mqtt-4.1.74.Final.jar;H:\jar\maven-repository\io\netty\netty-codec-redis\4.1.74.Final\netty-codec-redis-4.1.74.Final.jar;H:\jar\maven-repository\io\netty\netty-codec-smtp\4.1.74.Final\netty-codec-smtp-4.1.74.Final.jar;H:\jar\maven-repository\io\netty\netty-codec-socks\4.1.74.Final\netty-codec-socks-4.1.74.Final.jar;H:\jar\maven-repository\io\netty\netty-codec-stomp\4.1.74.Final\netty-codec-stomp-4.1.74.Final.jar;H:\jar\maven-repository\io\netty\netty-codec-xml\4.1.74.Final\netty-codec-xml-4.1.74.Final.jar;H:\jar\maven-repository\io\netty\netty-common\4.1.74.Final\netty-common-4.1.74.Final.jar;H:\jar\maven-repository\io\netty\netty-handler\4.1.74.Final\netty-handler-4.1.74.Final.jar;H:\jar\maven-repository\io\netty\netty-tcnative-classes\2.0.48.Final\netty-tcnative-classes-2.0.48.Final.jar;H:\jar\maven-repository\io\netty\netty-handler-proxy\4.1.74.Final\netty-handler-proxy-4.1.74.Final.jar;H:\jar\maven-repository\io\netty\netty-resolver\4.1.74.Final\netty-resolver-4.1.74.Final.jar;H:\jar\maven-repository\io\netty\netty-resolver-dns\4.1.74.Final\netty-resolver-dns-4.1.74.Final.jar;H:\jar\maven-repository\io\netty\netty-transport\4.1.74.Final\netty-transport-4.1.74.Final.jar;H:\jar\maven-repository\io\netty\netty-transport-rxtx\4.1.74.Final\netty-transport-rxtx-4.1.74.Final.jar;H:\jar\maven-repository\io\netty\netty-transport-sctp\4.1.74.Final\netty-transport-sctp-4.1.74.Final.jar;H:\jar\maven-repository\io\netty\netty-transport-udt\4.1.74.Final\netty-transport-udt-4.1.74.Final.jar;H:\jar\maven-repository\io\netty\netty-transport-classes-epoll\4.1.74.Final\netty-transport-classes-epoll-4.1.74.Final.jar;H:\jar\maven-repository\io\netty\netty-transport-native-unix-common\4.1.74.Final\netty-transport-native-unix-common-4.1.74.Final.jar;H:\jar\maven-repository\io\netty\netty-transport-classes-kqueue\4.1.74.Final\netty-transport-classes-kqueue-4.1.74.Final.jar;H:\jar\maven-repository\io\netty\netty-resolver-dns-classes-macos\4.1.74.Final\netty-resolver-dns-classes-macos-4.1.74.Final.jar;H:\jar\maven-repository\io\netty\netty-transport-native-epoll\4.1.74.Final\netty-transport-native-epoll-4.1.74.Final-linux-x86_64.jar;H:\jar\maven-repository\io\netty\netty-transport-native-epoll\4.1.74.Final\netty-transport-native-epoll-4.1.74.Final-linux-aarch_64.jar;H:\jar\maven-repository\io\netty\netty-transport-native-kqueue\4.1.74.Final\netty-transport-native-kqueue-4.1.74.Final-osx-x86_64.jar;H:\jar\maven-repository\io\netty\netty-transport-native-kqueue\4.1.74.Final\netty-transport-native-kqueue-4.1.74.Final-osx-aarch_64.jar;H:\jar\maven-repository\io\netty\netty-resolver-dns-native-macos\4.1.74.Final\netty-resolver-dns-native-macos-4.1.74.Final-osx-x86_64.jar;H:\jar\maven-repository\io\netty\netty-resolver-dns-native-macos\4.1.74.Final\netty-resolver-dns-native-macos-4.1.74.Final-osx-aarch_64.jar;H:\jar\maven-repository\com\alibaba\nacos\nacos-client\2.0.4\nacos-client-2.0.4.jar;H:\jar\maven-repository\commons-codec\commons-codec\1.11\commons-codec-1.11.jar;H:\jar\maven-repository\com\fasterxml\jackson\core\jackson-core\2.12.2\jackson-core-2.12.2.jar;H:\jar\maven-repository\com\fasterxml\jackson\core\jackson-databind\2.12.2\jackson-databind-2.12.2.jar;H:\jar\maven-repository\com\fasterxml\jackson\core\jackson-annotations\2.12.2\jackson-annotations-2.12.2.jar;H:\jar\maven-repository\org\apache\httpcomponents\httpasyncclient\4.1.3\httpasyncclient-4.1.3.jar;H:\jar\maven-repository\org\apache\httpcomponents\httpcore\4.4.6\httpcore-4.4.6.jar;H:\jar\maven-repository\org\apache\httpcomponents\httpcore-nio\4.4.6\httpcore-nio-4.4.6.jar;H:\jar\maven-repository\org\apache\httpcomponents\httpclient\4.5.3\httpclient-4.5.3.jar;H:\jar\maven-repository\commons-logging\commons-logging\1.2\commons-logging-1.2.jar;H:\jar\maven-repository\org\reflections\reflections\0.9.11\reflections-0.9.11.jar;H:\jar\maven-repository\com\google\guava\guava\20.0\guava-20.0.jar;H:\jar\maven-repository\org\javassist\javassist\3.21.0-GA\javassist-3.21.0-GA.jar;H:\jar\maven-repository\io\prometheus\simpleclient\0.5.0\simpleclient-0.5.0.jar;H:\jar\maven-repository\org\yaml\snakeyaml\1.23\snakeyaml-1.23.jar;H:\jar\maven-repository\io\protostuff\protostuff-core\1.7.4\protostuff-core-1.7.4.jar;H:\jar\maven-repository\io\protostuff\protostuff-api\1.7.4\protostuff-api-1.7.4.jar;H:\jar\maven-repository\io\protostuff\protostuff-runtime\1.7.4\protostuff-runtime-1.7.4.jar;H:\jar\maven-repository\io\protostuff\protostuff-collectionschema\1.7.4\protostuff-collectionschema-1.7.4.jar;H:\jar\maven-repository\org\springframework\spring-context\5.2.13.RELEASE\spring-context-5.2.13.RELEASE.jar;H:\jar\maven-repository\org\springframework\spring-aop\5.2.13.RELEASE\spring-aop-5.2.13.RELEASE.jar;H:\jar\maven-repository\org\springframework\spring-beans\5.2.13.RELEASE\spring-beans-5.2.13.RELEASE.jar;H:\jar\maven-repository\org\springframework\spring-core\5.2.13.RELEASE\spring-core-5.2.13.RELEASE.jar;H:\jar\maven-repository\org\springframework\spring-jcl\5.2.13.RELEASE\spring-jcl-5.2.13.RELEASE.jar;H:\jar\maven-repository\org\springframework\spring-expression\5.2.13.RELEASE\spring-expression-5.2.13.RELEASE.jar;H:\jar\maven-repository\org\apache\commons\commons-lang3\3.12.0\commons-lang3-3.12.0.jar;H:\jar\maven-repository\org\apache\commons\commons-collections4\4.4\commons-collections4-4.4.jar;H:\jar\maven-repository\ch\qos\logback\logback-classic\1.2.10\logback-classic-1.2.10.jar;H:\jar\maven-repository\ch\qos\logback\logback-core\1.2.10\logback-core-1.2.10.jar;H:\jar\maven-repository\org\slf4j\slf4j-api\1.7.32\slf4j-api-1.7.32.jar;H:\jar\maven-repository\com\tsy\rpc\test\compact-rpc-test-api\1.0-SNAPSHOT\compact-rpc-test-api-1.0-SNAPSHOT.jar;"/>
    <property name="java.vm.vendor" value="Amazon.com Inc."/>
    <property name="sun.arch.data.model" value="64"/>
    <property name="user.variant" value=""/>
    <property name="java.vendor.url" value="https://aws.amazon.com/corretto/"/>
    <property name="user.timezone" value="Asia/Shanghai"/>
    <property name="java.vm.specification.version" value="11"/>
    <property name="os.name" value="Windows 10"/>
    <property name="sun.java.launcher" value="SUN_STANDARD"/>
    <property name="user.country" value="CN"/>
    <property name="sun.boot.library.path" value="C:\Users\lenovo\.jdks\corretto-11.0.16.1\bin"/>
    <property name="sun.java.command" value="C:\Users\lenovo\AppData\Local\Temp\surefire18326935039248510225\surefirebooter6581817097524069491.jar C:\Users\lenovo\AppData\Local\Temp\surefire18326935039248510225 2022-08-18T22-46-40_295-jvmRun1 surefire13378243281958835915tmp surefire_08534128518227614170tmp"/>
    <property name="jdk.debug" value="release"/>
    <property name="surefire.test.class.path" value="E:\E-drive-62796\compact-rpc\compact-rpc\compact-rpc-example\compact-rpc-test-client\target\test-classes;E:\E-drive-62796\compact-rpc\compact-rpc\compact-rpc-example\compact-rpc-test-client\target\classes;H:\jar\maven-repository\junit\junit\4.11\junit-4.11.jar;H:\jar\maven-repository\org\hamcrest\hamcrest-core\1.3\hamcrest-core-1.3.jar;H:\jar\maven-repository\com\tsy\rpc\spring\compact-rpc-spring\1.0-SNAPSHOT\compact-rpc-spring-1.0-SNAPSHOT.jar;H:\jar\maven-repository\github\TangSiyang2001\compact-rpc-impl\1.0-SNAPSHOT\compact-rpc-impl-1.0-SNAPSHOT.jar;H:\jar\maven-repository\github\TangSiyang2001\compact-rpc-base\1.0-SNAPSHOT\compact-rpc-base-1.0-SNAPSHOT.jar;H:\jar\maven-repository\io\netty\netty-all\4.1.74.Final\netty-all-4.1.74.Final.jar;H:\jar\maven-repository\io\netty\netty-buffer\4.1.74.Final\netty-buffer-4.1.74.Final.jar;H:\jar\maven-repository\io\netty\netty-codec\4.1.74.Final\netty-codec-4.1.74.Final.jar;H:\jar\maven-repository\io\netty\netty-codec-dns\4.1.74.Final\netty-codec-dns-4.1.74.Final.jar;H:\jar\maven-repository\io\netty\netty-codec-haproxy\4.1.74.Final\netty-codec-haproxy-4.1.74.Final.jar;H:\jar\maven-repository\io\netty\netty-codec-http\4.1.74.Final\netty-codec-http-4.1.74.Final.jar;H:\jar\maven-repository\io\netty\netty-codec-http2\4.1.74.Final\netty-codec-http2-4.1.74.Final.jar;H:\jar\maven-repository\io\netty\netty-codec-memcache\4.1.74.Final\netty-codec-memcache-4.1.74.Final.jar;H:\jar\maven-repository\io\netty\netty-codec-mqtt\4.1.74.Final\netty-codec-mqtt-4.1.74.Final.jar;H:\jar\maven-repository\io\netty\netty-codec-redis\4.1.74.Final\netty-codec-redis-4.1.74.Final.jar;H:\jar\maven-repository\io\netty\netty-codec-smtp\4.1.74.Final\netty-codec-smtp-4.1.74.Final.jar;H:\jar\maven-repository\io\netty\netty-codec-socks\4.1.74.Final\netty-codec-socks-4.1.74.Final.jar;H:\jar\maven-repository\io\netty\netty-codec-stomp\4.1.74.Final\netty-codec-stomp-4.1.74.Final.jar;H:\jar\maven-repository\io\netty\netty-codec-xml\4.1.74.Final\netty-codec-xml-4.1.74.Final.jar;H:\jar\maven-repository\io\netty\netty-common\4.1.74.Final\netty-common-4.1.74.Final.jar;H:\jar\maven-repository\io\netty\netty-handler\4.1.74.Final\netty-handler-4.1.74.Final.jar;H:\jar\maven-repository\io\netty\netty-tcnative-classes\2.0.48.Final\netty-tcnative-classes-2.0.48.Final.jar;H:\jar\maven-repository\io\netty\netty-handler-proxy\4.1.74.Final\netty-handler-proxy-4.1.74.Final.jar;H:\jar\maven-repository\io\netty\netty-resolver\4.1.74.Final\netty-resolver-4.1.74.Final.jar;H:\jar\maven-repository\io\netty\netty-resolver-dns\4.1.74.Final\netty-resolver-dns-4.1.74.Final.jar;H:\jar\maven-repository\io\netty\netty-transport\4.1.74.Final\netty-transport-4.1.74.Final.jar;H:\jar\maven-repository\io\netty\netty-transport-rxtx\4.1.74.Final\netty-transport-rxtx-4.1.74.Final.jar;H:\jar\maven-repository\io\netty\netty-transport-sctp\4.1.74.Final\netty-transport-sctp-4.1.74.Final.jar;H:\jar\maven-repository\io\netty\netty-transport-udt\4.1.74.Final\netty-transport-udt-4.1.74.Final.jar;H:\jar\maven-repository\io\netty\netty-transport-classes-epoll\4.1.74.Final\netty-transport-classes-epoll-4.1.74.Final.jar;H:\jar\maven-repository\io\netty\netty-transport-native-unix-common\4.1.74.Final\netty-transport-native-unix-common-4.1.74.Final.jar;H:\jar\maven-repository\io\netty\netty-transport-classes-kqueue\4.1.74.Final\netty-transport-classes-kqueue-4.1.74.Final.jar;H:\jar\maven-repository\io\netty\netty-resolver-dns-classes-macos\4.1.74.Final\netty-resolver-dns-classes-macos-4.1.74.Final.jar;H:\jar\maven-repository\io\netty\netty-transport-native-epoll\4.1.74.Final\netty-transport-native-epoll-4.1.74.Final-linux-x86_64.jar;H:\jar\maven-repository\io\netty\netty-transport-native-epoll\4.1.74.Final\netty-transport-native-epoll-4.1.74.Final-linux-aarch_64.jar;H:\jar\maven-repository\io\netty\netty-transport-native-kqueue\4.1.74.Final\netty-transport-native-kqueue-4.1.74.Final-osx-x86_64.jar;H:\jar\maven-repository\io\netty\netty-transport-native-kqueue\4.1.74.Final\netty-transport-native-kqueue-4.1.74.Final-osx-aarch_64.jar;H:\jar\maven-repository\io\netty\netty-resolver-dns-native-macos\4.1.74.Final\netty-resolver-dns-native-macos-4.1.74.Final-osx-x86_64.jar;H:\jar\maven-repository\io\netty\netty-resolver-dns-native-macos\4.1.74.Final\netty-resolver-dns-native-macos-4.1.74.Final-osx-aarch_64.jar;H:\jar\maven-repository\com\alibaba\nacos\nacos-client\2.0.4\nacos-client-2.0.4.jar;H:\jar\maven-repository\commons-codec\commons-codec\1.11\commons-codec-1.11.jar;H:\jar\maven-repository\com\fasterxml\jackson\core\jackson-core\2.12.2\jackson-core-2.12.2.jar;H:\jar\maven-repository\com\fasterxml\jackson\core\jackson-databind\2.12.2\jackson-databind-2.12.2.jar;H:\jar\maven-repository\com\fasterxml\jackson\core\jackson-annotations\2.12.2\jackson-annotations-2.12.2.jar;H:\jar\maven-repository\org\apache\httpcomponents\httpasyncclient\4.1.3\httpasyncclient-4.1.3.jar;H:\jar\maven-repository\org\apache\httpcomponents\httpcore\4.4.6\httpcore-4.4.6.jar;H:\jar\maven-repository\org\apache\httpcomponents\httpcore-nio\4.4.6\httpcore-nio-4.4.6.jar;H:\jar\maven-repository\org\apache\httpcomponents\httpclient\4.5.3\httpclient-4.5.3.jar;H:\jar\maven-repository\commons-logging\commons-logging\1.2\commons-logging-1.2.jar;H:\jar\maven-repository\org\reflections\reflections\0.9.11\reflections-0.9.11.jar;H:\jar\maven-repository\com\google\guava\guava\20.0\guava-20.0.jar;H:\jar\maven-repository\org\javassist\javassist\3.21.0-GA\javassist-3.21.0-GA.jar;H:\jar\maven-repository\io\prometheus\simpleclient\0.5.0\simpleclient-0.5.0.jar;H:\jar\maven-repository\org\yaml\snakeyaml\1.23\snakeyaml-1.23.jar;H:\jar\maven-repository\io\protostuff\protostuff-core\1.7.4\protostuff-core-1.7.4.jar;H:\jar\maven-repository\io\protostuff\protostuff-api\1.7.4\protostuff-api-1.7.4.jar;H:\jar\maven-repository\io\protostuff\protostuff-runtime\1.7.4\protostuff-runtime-1.7.4.jar;H:\jar\maven-repository\io\protostuff\protostuff-collectionschema\1.7.4\protostuff-collectionschema-1.7.4.jar;H:\jar\maven-repository\org\springframework\spring-context\5.2.13.RELEASE\spring-context-5.2.13.RELEASE.jar;H:\jar\maven-repository\org\springframework\spring-aop\5.2.13.RELEASE\spring-aop-5.2.13.RELEASE.jar;H:\jar\maven-repository\org\springframework\spring-beans\5.2.13.RELEASE\spring-beans-5.2.13.RELEASE.jar;H:\jar\maven-repository\org\springframework\spring-core\5.2.13.RELEASE\spring-core-5.2.13.RELEASE.jar;H:\jar\maven-repository\org\springframework\spring-jcl\5.2.13.RELEASE\spring-jcl-5.2.13.RELEASE.jar;H:\jar\maven-repository\org\springframework\spring-expression\5.2.13.RELEASE\spring-expression-5.2.13.RELEASE.jar;H:\jar\maven-repository\org\apache\commons\commons-lang3\3.12.0\commons-lang3-3.12.0.jar;H:\jar\maven-repository\org\apache\commons\commons-collections4\4.4\commons-collections4-4.4.jar;H:\jar\maven-repository\ch\qos\logback\logback-classic\1.2.10\logback-classic-1.2.10.jar;H:\jar\maven-repository\ch\qos\logback\logback-core\1.2.10\logback-core-1.2.10.jar;H:\jar\maven-repository\org\slf4j\slf4j-api\1.7.32\slf4j-api-1.7.32.jar;H:\jar\maven-repository\com\tsy\rpc\test\compact-rpc-test-api\1.0-SNAPSHOT\compact-rpc-test-api-1.0-SNAPSHOT.jar;"/>
    <property name="sun.cpu.endian" value="little"/>
    <property name="user.home" value="C:\Users\lenovo"/>
    <property name="user.language" value="zh"/>
    <property name="java.specification.vendor" value="Oracle Corporation"/>
    <property name="java.version.date" value="2022-08-12"/>
    <property name="java.home" value="C:\Users\lenovo\.jdks\corretto-11.0.16.1"/>
    <property name="file.separator" value="\"/>
    <property name="basedir" value="E:\E-drive-62796\compact-rpc\compact-rpc\compact-rpc-example\compact-rpc-test-client"/>
    <property name="java.vm.compressedOopsMode" value="Zero based"/>
    <property name="line.separator" value="&#10;"/>
    <property name="java.specification.name" value="Java Platform API Specification"/>
    <property name="java.vm.specification.vendor" value="Oracle Corporation"/>
    <property name="java.awt.graphicsenv" value="sun.awt.Win32GraphicsEnvironment"/>
    <property name="surefire.real.class.path" value="C:\Users\lenovo\AppData\Local\Temp\surefire18326935039248510225\surefirebooter6581817097524069491.jar"/>
    <property name="user.script" value=""/>
    <property name="sun.management.compiler" value="HotSpot 64-Bit Tiered Compilers"/>
    <property name="java.runtime.version" value="11.0.16.1+9-LTS"/>
    <property name="user.name" value="lenovo"/>
    <property name="path.separator" value=";"/>
    <property name="os.version" value="10.0"/>
    <property name="java.runtime.name" value="OpenJDK Runtime Environment"/>
    <property name="file.encoding" value="GBK"/>
    <property name="java.vm.name" value="OpenJDK 64-Bit Server VM"/>
    <property name="java.vendor.version" value="Corretto-11.0.16.9.1"/>
    <property name="localRepository" value="H:\jar\maven-repository"/>
    <property name="java.vendor.url.bug" value="https://github.com/corretto/corretto-11/issues/"/>
    <property name="java.io.tmpdir" value="C:\Users\lenovo\AppData\Local\Temp\"/>
    <property name="idea.version" value="2021.1.3"/>
    <property name="java.version" value="11.0.16.1"/>
    <property name="user.dir" value="E:\E-drive-62796\compact-rpc\compact-rpc\compact-rpc-example\compact-rpc-test-client"/>
    <property name="os.arch" value="amd64"/>
    <property name="java.vm.specification.name" value="Java Virtual Machine Specification"/>
    <property name="java.awt.printerjob" value="sun.awt.windows.WPrinterJob"/>
    <property name="sun.os.patch.level" value=""/>
    <property name="java.library.path" value="C:\Users\lenovo\.jdks\corretto-11.0.16.1\bin;C:\WINDOWS\Sun\Java\bin;C:\WINDOWS\system32;C:\WINDOWS;H:\vmware\bin\;C:\Program Files\Common Files\Oracle\Java\javapath;F:\QT\Tools\mingw730_32\bin;F:\QT\5.12.6\mingw73_64\bin;C:\Windows\system32;C:\Windows;C:\Windows\System32\Wbem;C:\Windows\System32\WindowsPowerShell\v1.0\;C:\Windows\System32\OpenSSH\;C:\Program Files (x86)\NVIDIA Corporation\PhysX\Common;C:\Program Files\NVIDIA Corporation\NVIDIA NvDLISR;C:\Program Files\Microsoft SQL Server\130\Tools\Binn\;C:\Strawberry\c\bin;C:\Strawberry\perl\site\bin;C:\Program Files\Git\cmd;C:\Strawberry\perl\bin;C:\WINDOWS\system32;C:\WINDOWS;C:\WINDOWS\System32\Wbem;C:\WINDOWS\System32\WindowsPowerShell\v1.0\;C:\WINDOWS\System32\OpenSSH\;C:\Program Files\Git\usr\bin;F:\QT\Tools\mingw730_64\bin;F:\xshell\;H:\JDK8\bin;H:\JDK8\jre\bin;H:\Tomcat9\apache-tomcat-9.0.50\bin;H:\Maven\apache-maven-3.8.2\bin;F:\XFtp\;D:\mingw64\bin;H:\node.js\;C:\ProgramData\chocolatey\bin;H:\gradle\gradle-6.9.1\bin;H:\erlang\erl-24.2\bin;H:\CMake\bin;H:\hadoop\hadoop-2.6.0\bin;C:\Program Files\MySQL\MySQL Shell 8.0\bin\;C:\Users\lenovo\AppData\Local\Microsoft\WindowsApps;F:\QT\5.12.6\mingw73_32\bin;F:\QT\5.12.6\mingw73_64\bin;F:\QT\5.12.6\msvc2017_64\bin;F:\QT\Tools\mingw730_32\bin;F:\QT\Tools\mingw730_64\bin;H:\IDEA\IntelliJ IDEA 2021.1.3\bin;;H:\vscode\Microsoft VS Code\bin;C:\Users\lenovo\AppData\Local\GitHubDesktop\bin;H:\GitHubDesktop\bin;C:\Users\lenovo\AppData\Roaming\npm;H:\DataGrip\DataGrip 2022.2\bin;;."/>
    <property name="java.vm.info" value="mixed mode"/>
    <property name="java.vendor" value="Amazon.com Inc."/>
    <property name="java.vm.version" value="11.0.16.1+9-LTS"/>
    <property name="sun.io.unicode.encoding" value="UnicodeLittle"/>
    <property name="maven.repo.local" value="H:\jar\maven-repository"/>
    <property name="java.class.version" value="55.0"/>
  </properties>
  <testcase name="shouldAnswerWithTrue" classname="com.tsy.prc.test.client.AppTest" time="0.001"/>
</testsuite>