<?xml version="1.0" encoding="UTF-8" ?>
<testsuite tests="2" failures="0" name="com.tsy.rpc.spring.AppTest" time="2.654" errors="0" skipped="0">
  <properties>
    <property name="java.runtime.name" value="OpenJDK Runtime Environment"/>
    <property name="idea.version" value="2021.1.3"/>
    <property name="java.vm.version" value="11.0.16.1+9-LTS"/>
    <property name="sun.boot.library.path" value="C:\Users\lenovo\.jdks\corretto-11.0.16.1\bin"/>
    <property name="maven.multiModuleProjectDirectory" value="E:\E-drive-62796\compact-rpc\compact-rpc"/>
    <property name="java.vm.vendor" value="Amazon.com Inc."/>
    <property name="java.vendor.url" value="https://aws.amazon.com/corretto/"/>
    <property name="path.separator" value=";"/>
    <property name="guice.disable.misplaced.annotation.check" value="true"/>
    <property name="java.vm.name" value="OpenJDK 64-Bit Server VM"/>
    <property name="user.country" value="CN"/>
    <property name="sun.java.launcher" value="SUN_STANDARD"/>
    <property name="user.script" value=""/>
    <property name="sun.os.patch.level" value=""/>
    <property name="user.dir" value="E:\E-drive-62796\compact-rpc\compact-rpc"/>
    <property name="java.vm.compressedOopsMode" value="Zero based"/>
    <property name="java.vm.specification.name" value="Java Virtual Machine Specification"/>
    <property name="java.runtime.version" value="11.0.16.1+9-LTS"/>
    <property name="java.awt.graphicsenv" value="sun.awt.Win32GraphicsEnvironment"/>
    <property name="os.arch" value="amd64"/>
    <property name="java.io.tmpdir" value="C:\Users\lenovo\AppData\Local\Temp\"/>
    <property name="line.separator" value="
"/>
    <property name="java.vm.specification.vendor" value="Oracle Corporation"/>
    <property name="user.variant" value=""/>
    <property name="os.name" value="Windows 10"/>
    <property name="maven.ext.class.path" value="H:\IDEA\IntelliJ IDEA 2021.1.3\plugins\maven\lib\maven-event-listener.jar"/>
    <property name="classworlds.conf" value="H:\Maven\apache-maven-3.8.2\bin\m2.conf"/>
    <property name="sun.jnu.encoding" value="GBK"/>
    <property name="java.library.path" value="C:\Users\lenovo\.jdks\corretto-11.0.16.1\bin;C:\WINDOWS\Sun\Java\bin;C:\WINDOWS\system32;C:\WINDOWS;H:\vmware\bin\;C:\Program Files\Common Files\Oracle\Java\javapath;F:\QT\Tools\mingw730_32\bin;F:\QT\5.12.6\mingw73_64\bin;C:\Windows\system32;C:\Windows;C:\Windows\System32\Wbem;C:\Windows\System32\WindowsPowerShell\v1.0\;C:\Windows\System32\OpenSSH\;C:\Program Files (x86)\NVIDIA Corporation\PhysX\Common;C:\Program Files\NVIDIA Corporation\NVIDIA NvDLISR;C:\Program Files\Microsoft SQL Server\130\Tools\Binn\;C:\Strawberry\c\bin;C:\Strawberry\perl\site\bin;C:\Program Files\Git\cmd;C:\Strawberry\perl\bin;C:\WINDOWS\system32;C:\WINDOWS;C:\WINDOWS\System32\Wbem;C:\WINDOWS\System32\WindowsPowerShell\v1.0\;C:\WINDOWS\System32\OpenSSH\;C:\Program Files\Git\usr\bin;F:\QT\Tools\mingw730_64\bin;F:\xshell\;H:\JDK8\bin;H:\JDK8\jre\bin;H:\Tomcat9\apache-tomcat-9.0.50\bin;H:\Maven\apache-maven-3.8.2\bin;F:\XFtp\;D:\mingw64\bin;H:\node.js\;C:\ProgramData\chocolatey\bin;H:\gradle\gradle-6.9.1\bin;H:\erlang\erl-24.2\bin;H:\CMake\bin;H:\hadoop\hadoop-2.6.0\bin;C:\Program Files\MySQL\MySQL Shell 8.0\bin\;C:\Users\lenovo\AppData\Local\Microsoft\WindowsApps;F:\QT\5.12.6\mingw73_32\bin;F:\QT\5.12.6\mingw73_64\bin;F:\QT\5.12.6\msvc2017_64\bin;F:\QT\Tools\mingw730_32\bin;F:\QT\Tools\mingw730_64\bin;H:\IDEA\IntelliJ IDEA 2021.1.3\bin;;H:\vscode\Microsoft VS Code\bin;C:\Users\lenovo\AppData\Local\GitHubDesktop\bin;H:\GitHubDesktop\bin;C:\Users\lenovo\AppData\Roaming\npm;H:\DataGrip\DataGrip 2022.2\bin;;."/>
    <property name="maven.conf" value="H:\Maven\apache-maven-3.8.2/conf"/>
    <property name="jdk.debug" value="release"/>
    <property name="java.class.version" value="55.0"/>
    <property name="java.specification.name" value="Java Platform API Specification"/>
    <property name="sun.management.compiler" value="HotSpot 64-Bit Tiered Compilers"/>
    <property name="maven.repo.local" value="H:\jar\maven-repository"/>
    <property name="os.version" value="10.0"/>
    <property name="user.home" value="C:\Users\lenovo"/>
    <property name="user.timezone" value="Asia/Shanghai"/>
    <property name="java.awt.printerjob" value="sun.awt.windows.WPrinterJob"/>
    <property name="file.encoding" value="UTF-8"/>
    <property name="java.specification.version" value="11"/>
    <property name="java.class.path" value="H:\Maven\apache-maven-3.8.2\boot\plexus-classworlds-2.6.0.jar;H:\Maven\apache-maven-3.8.2\boot\plexus-classworlds.license"/>
    <property name="user.name" value="lenovo"/>
    <property name="java.vm.specification.version" value="11"/>
    <property name="sun.arch.data.model" value="64"/>
    <property name="sun.java.command" value="org.codehaus.classworlds.Launcher -Didea.version=2021.1.3 -s H:\Maven\apache-maven-3.8.2\conf\settings.xml -Dmaven.repo.local=H:\jar\maven-repository package"/>
    <property name="java.home" value="C:\Users\lenovo\.jdks\corretto-11.0.16.1"/>
    <property name="user.language" value="zh"/>
    <property name="java.specification.vendor" value="Oracle Corporation"/>
    <property name="awt.toolkit" value="sun.awt.windows.WToolkit"/>
    <property name="java.vm.info" value="mixed mode"/>
    <property name="java.version" value="11.0.16.1"/>
    <property name="java.vendor" value="Amazon.com Inc."/>
    <property name="maven.home" value="H:\Maven\apache-maven-3.8.2"/>
    <property name="file.separator" value="\"/>
    <property name="java.version.date" value="2022-08-12"/>
    <property name="java.vendor.url.bug" value="https://github.com/corretto/corretto-11/issues/"/>
    <property name="sun.cpu.endian" value="little"/>
    <property name="sun.io.unicode.encoding" value="UnicodeLittle"/>
    <property name="java.vendor.version" value="Corretto-11.0.16.9.1"/>
    <property name="sun.desktop" value="windows"/>
    <property name="sun.cpu.isalist" value="amd64"/>
  </properties>
  <testcase classname="com.tsy.rpc.spring.AppTest" name="shouldAnswerWithTrue" time="0.002"/>
  <testcase classname="com.tsy.rpc.spring.AppTest" name="testExtensionLoader" time="2.652"/>
</testsuite>