<?xml version="1.0" encoding="UTF-8"?>
<testsuite xmlns:xsi="http://www.w3.org/2001/XMLSchema-instance" xsi:noNamespaceSchemaLocation="https://maven.apache.org/surefire/maven-surefire-plugin/xsd/surefire-test-report.xsd" name="com.tsy.rpc.base.AppTest" time="0.822" tests="1" errors="0" skipped="0" failures="0">
  <properties>
    <property name="sun.desktop" value="windows"/>
    <property name="awt.toolkit" value="sun.awt.windows.WToolkit"/>
    <property name="java.specification.version" value="11"/>
    <property name="sun.cpu.isalist" value="amd64"/>
    <property name="sun.jnu.encoding" value="GBK"/>
    <property name="java.class.path" value="E:\E-drive-62796\compact-rpc\compact-rpc\compact-rpc-base\target\test-classes;E:\E-drive-62796\compact-rpc\compact-rpc\compact-rpc-base\target\classes;H:\jar\maven-repository\org\testng\testng\7.6.1\testng-7.6.1.jar;H:\jar\maven-repository\com\google\code\findbugs\jsr305\3.0.2\jsr305-3.0.2.jar;H:\jar\maven-repository\org\slf4j\slf4j-api\1.7.36\slf4j-api-1.7.36.jar;H:\jar\maven-repository\com\beust\jcommander\1.82\jcommander-1.82.jar;H:\jar\maven-repository\org\webjars\jquery\3.6.0\jquery-3.6.0.jar;H:\jar\maven-repository\junit\junit\4.11\junit-4.11.jar;H:\jar\maven-repository\org\hamcrest\hamcrest-core\1.3\hamcrest-core-1.3.jar;H:\jar\maven-repository\org\apache\commons\commons-lang3\3.12.0\commons-lang3-3.12.0.jar;H:\jar\maven-repository\org\apache\commons\commons-collections4\4.4\commons-collections4-4.4.jar;H:\jar\maven-repository\org\projectlombok\lombok\1.18.22\lombok-1.18.22.jar;H:\jar\maven-repository\ch\qos\logback\logback-classic\1.2.10\logback-classic-1.2.10.jar;H:\jar\maven-repository\ch\qos\logback\logback-core\1.2.10\logback-core-1.2.10.jar;"/>
    <property name="java.vm.vendor" value="Amazon.com Inc."/>
    <property name="sun.arch.data.model" value="64"/>
    <property name="user.variant" value=""/>
    <property name="java.vendor.url" value="https://aws.amazon.com/corretto/"/>
    <property name="user.timezone" value="Asia/Shanghai"/>
    <property name="java.vm.specification.version" value="11"/>
    <property name="os.name" value="Windows 10"/>
    <property name="sun.java.launcher" value="SUN_STANDARD"/>
    <property name="user.country" value="CN"/>
    <property name="sun.boot.library.path" value="C:\Users\lenovo\.jdks\corretto-11.0.16.1\bin"/>
    <property name="sun.java.command" value="C:\Users\lenovo\AppData\Local\Temp\surefire14583342619067066453\surefirebooter9989508474803705229.jar C:\Users\lenovo\AppData\Local\Temp\surefire14583342619067066453 2022-08-18T22-45-04_149-jvmRun1 surefire4426551047687284539tmp surefire_015182856242080563634tmp"/>
    <property name="jdk.debug" value="release"/>
    <property name="surefire.test.class.path" value="E:\E-drive-62796\compact-rpc\compact-rpc\compact-rpc-base\target\test-classes;E:\E-drive-62796\compact-rpc\compact-rpc\compact-rpc-base\target\classes;H:\jar\maven-repository\org\testng\testng\7.6.1\testng-7.6.1.jar;H:\jar\maven-repository\com\google\code\findbugs\jsr305\3.0.2\jsr305-3.0.2.jar;H:\jar\maven-repository\org\slf4j\slf4j-api\1.7.36\slf4j-api-1.7.36.jar;H:\jar\maven-repository\com\beust\jcommander\1.82\jcommander-1.82.jar;H:\jar\maven-repository\org\webjars\jquery\3.6.0\jquery-3.6.0.jar;H:\jar\maven-repository\junit\junit\4.11\junit-4.11.jar;H:\jar\maven-repository\org\hamcrest\hamcrest-core\1.3\hamcrest-core-1.3.jar;H:\jar\maven-repository\org\apache\commons\commons-lang3\3.12.0\commons-lang3-3.12.0.jar;H:\jar\maven-repository\org\apache\commons\commons-collections4\4.4\commons-collections4-4.4.jar;H:\jar\maven-repository\org\projectlombok\lombok\1.18.22\lombok-1.18.22.jar;H:\jar\maven-repository\ch\qos\logback\logback-classic\1.2.10\logback-classic-1.2.10.jar;H:\jar\maven-repository\ch\qos\logback\logback-core\1.2.10\logback-core-1.2.10.jar;"/>
    <property name="sun.cpu.endian" value="little"/>
    <property name="user.home" value="C:\Users\lenovo"/>
    <property name="user.language" value="zh"/>
    <property name="java.specification.vendor" value="Oracle Corporation"/>
    <property name="java.version.date" value="2022-08-12"/>
    <property name="java.home" value="C:\Users\lenovo\.jdks\corretto-11.0.16.1"/>
    <property name="file.separator" value="\"/>
    <property name="basedir" value="E:\E-drive-62796\compact-rpc\compact-rpc\compact-rpc-base"/>
    <property name="java.vm.compressedOopsMode" value="Zero based"/>
    <property name="line.separator" value="&#10;"/>
    <property name="java.specification.name" value="Java Platform API Specification"/>
    <property name="java.vm.specification.vendor" value="Oracle Corporation"/>
    <property name="java.awt.graphicsenv" value="sun.awt.Win32GraphicsEnvironment"/>
    <property name="surefire.real.class.path" value="C:\Users\lenovo\AppData\Local\Temp\surefire14583342619067066453\surefirebooter9989508474803705229.jar"/>
    <property name="user.script" value=""/>
    <property name="sun.management.compiler" value="HotSpot 64-Bit Tiered Compilers"/>
    <property name="java.runtime.version" value="11.0.16.1+9-LTS"/>
    <property name="user.name" value="lenovo"/>
    <property name="path.separator" value=";"/>
    <property name="os.version" value="10.0"/>
    <property name="java.runtime.name" value="OpenJDK Runtime Environment"/>
    <property name="file.encoding" value="GBK"/>
    <property name="java.vm.name" value="OpenJDK 64-Bit Server VM"/>
    <property name="java.vendor.version" value="Corretto-11.0.16.9.1"/>
    <property name="localRepository" value="H:\jar\maven-repository"/>
    <property name="java.vendor.url.bug" value="https://github.com/corretto/corretto-11/issues/"/>
    <property name="java.io.tmpdir" value="C:\Users\lenovo\AppData\Local\Temp\"/>
    <property name="idea.version" value="2021.1.3"/>
    <property name="java.version" value="11.0.16.1"/>
    <property name="user.dir" value="E:\E-drive-62796\compact-rpc\compact-rpc\compact-rpc-base"/>
    <property name="os.arch" value="amd64"/>
    <property name="java.vm.specification.name" value="Java Virtual Machine Specification"/>
    <property name="java.awt.printerjob" value="sun.awt.windows.WPrinterJob"/>
    <property name="sun.os.patch.level" value=""/>
    <property name="java.library.path" value="C:\Users\lenovo\.jdks\corretto-11.0.16.1\bin;C:\WINDOWS\Sun\Java\bin;C:\WINDOWS\system32;C:\WINDOWS;H:\vmware\bin\;C:\Program Files\Common Files\Oracle\Java\javapath;F:\QT\Tools\mingw730_32\bin;F:\QT\5.12.6\mingw73_64\bin;C:\Windows\system32;C:\Windows;C:\Windows\System32\Wbem;C:\Windows\System32\WindowsPowerShell\v1.0\;C:\Windows\System32\OpenSSH\;C:\Program Files (x86)\NVIDIA Corporation\PhysX\Common;C:\Program Files\NVIDIA Corporation\NVIDIA NvDLISR;C:\Program Files\Microsoft SQL Server\130\Tools\Binn\;C:\Strawberry\c\bin;C:\Strawberry\perl\site\bin;C:\Program Files\Git\cmd;C:\Strawberry\perl\bin;C:\WINDOWS\system32;C:\WINDOWS;C:\WINDOWS\System32\Wbem;C:\WINDOWS\System32\WindowsPowerShell\v1.0\;C:\WINDOWS\System32\OpenSSH\;C:\Program Files\Git\usr\bin;F:\QT\Tools\mingw730_64\bin;F:\xshell\;H:\JDK8\bin;H:\JDK8\jre\bin;H:\Tomcat9\apache-tomcat-9.0.50\bin;H:\Maven\apache-maven-3.8.2\bin;F:\XFtp\;D:\mingw64\bin;H:\node.js\;C:\ProgramData\chocolatey\bin;H:\gradle\gradle-6.9.1\bin;H:\erlang\erl-24.2\bin;H:\CMake\bin;H:\hadoop\hadoop-2.6.0\bin;C:\Program Files\MySQL\MySQL Shell 8.0\bin\;C:\Users\lenovo\AppData\Local\Microsoft\WindowsApps;F:\QT\5.12.6\mingw73_32\bin;F:\QT\5.12.6\mingw73_64\bin;F:\QT\5.12.6\msvc2017_64\bin;F:\QT\Tools\mingw730_32\bin;F:\QT\Tools\mingw730_64\bin;H:\IDEA\IntelliJ IDEA 2021.1.3\bin;;H:\vscode\Microsoft VS Code\bin;C:\Users\lenovo\AppData\Local\GitHubDesktop\bin;H:\GitHubDesktop\bin;C:\Users\lenovo\AppData\Roaming\npm;H:\DataGrip\DataGrip 2022.2\bin;;."/>
    <property name="java.vm.info" value="mixed mode"/>
    <property name="java.vendor" value="Amazon.com Inc."/>
    <property name="java.vm.version" value="11.0.16.1+9-LTS"/>
    <property name="sun.io.unicode.encoding" value="UnicodeLittle"/>
    <property name="maven.repo.local" value="H:\jar\maven-repository"/>
    <property name="java.class.version" value="55.0"/>
  </properties>
  <testcase name="loggerTest" classname="com.tsy.rpc.base.AppTest" time="0.004"/>
</testsuite>